{"U:\\OneDrive - Національний університет Львівська політехніка\\ⅠⅠ kurs\\Winter semester\\Web development\\BookShelf\\utils.js": {"path":"U:\\OneDrive - Національний університет Львівська політехніка\\ⅠⅠ kurs\\Winter semester\\Web development\\BookShelf\\utils.js","statementMap":{"0":{"start":{"line":2,"column":20},"end":{"line":2,"column":54}},"1":{"start":{"line":3,"column":4},"end":{"line":3,"column":31}},"2":{"start":{"line":7,"column":4},"end":{"line":9,"column":5}},"3":{"start":{"line":8,"column":8},"end":{"line":8,"column":58}},"4":{"start":{"line":11,"column":4},"end":{"line":16,"column":5}},"5":{"start":{"line":12,"column":8},"end":{"line":12,"column":51}},"6":{"start":{"line":13,"column":8},"end":{"line":13,"column":33}},"7":{"start":{"line":15,"column":8},"end":{"line":15,"column":54}}},"fnMap":{"0":{"name":"isValidEmail","decl":{"start":{"line":1,"column":16},"end":{"line":1,"column":28}},"loc":{"start":{"line":1,"column":36},"end":{"line":4,"column":1}},"line":1},"1":{"name":"submitForm","decl":{"start":{"line":6,"column":22},"end":{"line":6,"column":32}},"loc":{"start":{"line":6,"column":66},"end":{"line":17,"column":null}},"line":6}},"branchMap":{"0":{"loc":{"start":{"line":7,"column":4},"end":{"line":9,"column":5}},"type":"if","locations":[{"start":{"line":7,"column":4},"end":{"line":9,"column":5}},{"start":{},"end":{}}],"line":7}},"s":{"0":7,"1":7,"2":1,"3":0,"4":1,"5":1,"6":1,"7":0},"f":{"0":7,"1":1},"b":{"0":[0,1]},"meta":{"lastBranch":1,"lastFunction":2,"lastStatement":8,"seen":{"f:1:16:1:28":0,"s:2:20:2:54":0,"s:3:4:3:31":1,"f:6:22:6:32":1,"b:7:4:9:5:undefined:undefined:undefined:undefined":0,"s:7:4:9:5":2,"s:8:8:8:58":3,"s:11:4:16:5":4,"s:12:8:12:51":5,"s:13:8:13:33":6,"s:15:8:15:54":7}}}
}
